<?xml version="1.0" encoding="UTF-8"?>
<robot generator="Robot 4.1.3 (Python 3.8.5 on win32)" generated="20220323 10:37:57.386" rpa="false" schemaversion="2">
<suite id="s1" name="GoogleSearchSuite" source="D:\Praca\Automation\pythonProject4\TestSuites\GoogleSearchSuite.robot">
<test id="s1-t1" name="Search in google">
<kw name="Open Main Page" library="GoogleSearchPage">
<status status="PASS" starttime="20220323 10:38:00.607" endtime="20220323 10:38:02.184"/>
</kw>
<kw name="Accept Cookies" library="GoogleSearchPage">
<status status="PASS" starttime="20220323 10:38:02.184" endtime="20220323 10:38:02.222"/>
</kw>
<kw name="Generate Names" library="Generator">
<var>@{list}</var>
<arg>10</arg>
<msg timestamp="20220323 10:38:02.291" level="INFO">@{list} = [ Deborah Stickles | Roberta Carman | Olive Chase | John Walker | Susan Swonke | Daniel Sigala | Jonathan Holcomb | Beth Colombo | Loreta Lambrecht | Betty Taylor ]</msg>
<status status="PASS" starttime="20220323 10:38:02.223" endtime="20220323 10:38:02.291"/>
</kw>
<for flavor="IN">
<var>${item}</var>
<value>@{list}</value>
<iter>
<var name="${item}">Deborah Stickles</var>
<kw name="Search For" library="GoogleSearchPage">
<arg>${item}</arg>
<status status="PASS" starttime="20220323 10:38:02.292" endtime="20220323 10:38:03.564"/>
</kw>
<kw name="Sleep" library="BuiltIn">
<arg>3s</arg>
<doc>Pauses the test executed for the given time.</doc>
<msg timestamp="20220323 10:38:06.575" level="INFO">Slept 3 seconds</msg>
<status status="PASS" starttime="20220323 10:38:03.564" endtime="20220323 10:38:06.575"/>
</kw>
<kw name="Go Back Browser" library="GoogleSearchPage">
<status status="PASS" starttime="20220323 10:38:06.575" endtime="20220323 10:38:06.722"/>
</kw>
<status status="PASS" starttime="20220323 10:38:02.292" endtime="20220323 10:38:06.722"/>
</iter>
<iter>
<var name="${item}">Roberta Carman</var>
<kw name="Search For" library="GoogleSearchPage">
<arg>${item}</arg>
<status status="PASS" starttime="20220323 10:38:06.723" endtime="20220323 10:38:08.491"/>
</kw>
<kw name="Sleep" library="BuiltIn">
<arg>3s</arg>
<doc>Pauses the test executed for the given time.</doc>
<msg timestamp="20220323 10:38:11.491" level="INFO">Slept 3 seconds</msg>
<status status="PASS" starttime="20220323 10:38:08.491" endtime="20220323 10:38:11.491"/>
</kw>
<kw name="Go Back Browser" library="GoogleSearchPage">
<status status="PASS" starttime="20220323 10:38:11.491" endtime="20220323 10:38:11.608"/>
</kw>
<status status="PASS" starttime="20220323 10:38:06.722" endtime="20220323 10:38:11.608"/>
</iter>
<iter>
<var name="${item}">Olive Chase</var>
<kw name="Search For" library="GoogleSearchPage">
<arg>${item}</arg>
<status status="PASS" starttime="20220323 10:38:11.608" endtime="20220323 10:38:12.781"/>
</kw>
<kw name="Sleep" library="BuiltIn">
<arg>3s</arg>
<doc>Pauses the test executed for the given time.</doc>
<msg timestamp="20220323 10:38:15.791" level="INFO">Slept 3 seconds</msg>
<status status="PASS" starttime="20220323 10:38:12.782" endtime="20220323 10:38:15.791"/>
</kw>
<kw name="Go Back Browser" library="GoogleSearchPage">
<status status="PASS" starttime="20220323 10:38:15.791" endtime="20220323 10:38:15.908"/>
</kw>
<status status="PASS" starttime="20220323 10:38:11.608" endtime="20220323 10:38:15.908"/>
</iter>
<iter>
<var name="${item}">John Walker</var>
<kw name="Search For" library="GoogleSearchPage">
<arg>${item}</arg>
<status status="PASS" starttime="20220323 10:38:15.908" endtime="20220323 10:38:16.793"/>
</kw>
<kw name="Sleep" library="BuiltIn">
<arg>3s</arg>
<doc>Pauses the test executed for the given time.</doc>
<msg timestamp="20220323 10:38:19.805" level="INFO">Slept 3 seconds</msg>
<status status="PASS" starttime="20220323 10:38:16.793" endtime="20220323 10:38:19.805"/>
</kw>
<kw name="Go Back Browser" library="GoogleSearchPage">
<status status="PASS" starttime="20220323 10:38:19.805" endtime="20220323 10:38:19.919"/>
</kw>
<status status="PASS" starttime="20220323 10:38:15.908" endtime="20220323 10:38:19.919"/>
</iter>
<iter>
<var name="${item}">Susan Swonke</var>
<kw name="Search For" library="GoogleSearchPage">
<arg>${item}</arg>
<status status="PASS" starttime="20220323 10:38:19.919" endtime="20220323 10:38:20.579"/>
</kw>
<kw name="Sleep" library="BuiltIn">
<arg>3s</arg>
<doc>Pauses the test executed for the given time.</doc>
<msg timestamp="20220323 10:38:23.583" level="INFO">Slept 3 seconds</msg>
<status status="PASS" starttime="20220323 10:38:20.579" endtime="20220323 10:38:23.583"/>
</kw>
<kw name="Go Back Browser" library="GoogleSearchPage">
<status status="PASS" starttime="20220323 10:38:23.583" endtime="20220323 10:38:23.712"/>
</kw>
<status status="PASS" starttime="20220323 10:38:19.919" endtime="20220323 10:38:23.712"/>
</iter>
<iter>
<var name="${item}">Daniel Sigala</var>
<kw name="Search For" library="GoogleSearchPage">
<arg>${item}</arg>
<status status="PASS" starttime="20220323 10:38:23.712" endtime="20220323 10:38:24.663"/>
</kw>
<kw name="Sleep" library="BuiltIn">
<arg>3s</arg>
<doc>Pauses the test executed for the given time.</doc>
<msg timestamp="20220323 10:38:27.680" level="INFO">Slept 3 seconds</msg>
<status status="PASS" starttime="20220323 10:38:24.663" endtime="20220323 10:38:27.680"/>
</kw>
<kw name="Go Back Browser" library="GoogleSearchPage">
<status status="PASS" starttime="20220323 10:38:27.680" endtime="20220323 10:38:27.799"/>
</kw>
<status status="PASS" starttime="20220323 10:38:23.712" endtime="20220323 10:38:27.800"/>
</iter>
<iter>
<var name="${item}">Jonathan Holcomb</var>
<kw name="Search For" library="GoogleSearchPage">
<arg>${item}</arg>
<status status="PASS" starttime="20220323 10:38:27.800" endtime="20220323 10:38:28.966"/>
</kw>
<kw name="Sleep" library="BuiltIn">
<arg>3s</arg>
<doc>Pauses the test executed for the given time.</doc>
<msg timestamp="20220323 10:38:31.968" level="INFO">Slept 3 seconds</msg>
<status status="PASS" starttime="20220323 10:38:28.966" endtime="20220323 10:38:31.968"/>
</kw>
<kw name="Go Back Browser" library="GoogleSearchPage">
<status status="PASS" starttime="20220323 10:38:31.968" endtime="20220323 10:38:32.091"/>
</kw>
<status status="PASS" starttime="20220323 10:38:27.800" endtime="20220323 10:38:32.091"/>
</iter>
<iter>
<var name="${item}">Beth Colombo</var>
<kw name="Search For" library="GoogleSearchPage">
<arg>${item}</arg>
<status status="PASS" starttime="20220323 10:38:32.091" endtime="20220323 10:38:33.154"/>
</kw>
<kw name="Sleep" library="BuiltIn">
<arg>3s</arg>
<doc>Pauses the test executed for the given time.</doc>
<msg timestamp="20220323 10:38:36.165" level="INFO">Slept 3 seconds</msg>
<status status="PASS" starttime="20220323 10:38:33.154" endtime="20220323 10:38:36.165"/>
</kw>
<kw name="Go Back Browser" library="GoogleSearchPage">
<status status="PASS" starttime="20220323 10:38:36.165" endtime="20220323 10:38:36.290"/>
</kw>
<status status="PASS" starttime="20220323 10:38:32.091" endtime="20220323 10:38:36.290"/>
</iter>
<iter>
<var name="${item}">Loreta Lambrecht</var>
<kw name="Search For" library="GoogleSearchPage">
<arg>${item}</arg>
<status status="PASS" starttime="20220323 10:38:36.290" endtime="20220323 10:38:37.276"/>
</kw>
<kw name="Sleep" library="BuiltIn">
<arg>3s</arg>
<doc>Pauses the test executed for the given time.</doc>
<msg timestamp="20220323 10:38:40.282" level="INFO">Slept 3 seconds</msg>
<status status="PASS" starttime="20220323 10:38:37.276" endtime="20220323 10:38:40.282"/>
</kw>
<kw name="Go Back Browser" library="GoogleSearchPage">
<status status="PASS" starttime="20220323 10:38:40.282" endtime="20220323 10:38:40.403"/>
</kw>
<status status="PASS" starttime="20220323 10:38:36.290" endtime="20220323 10:38:40.403"/>
</iter>
<iter>
<var name="${item}">Betty Taylor</var>
<kw name="Search For" library="GoogleSearchPage">
<arg>${item}</arg>
<status status="PASS" starttime="20220323 10:38:40.404" endtime="20220323 10:38:41.257"/>
</kw>
<kw name="Sleep" library="BuiltIn">
<arg>3s</arg>
<doc>Pauses the test executed for the given time.</doc>
<msg timestamp="20220323 10:38:44.266" level="INFO">Slept 3 seconds</msg>
<status status="PASS" starttime="20220323 10:38:41.257" endtime="20220323 10:38:44.266"/>
</kw>
<kw name="Go Back Browser" library="GoogleSearchPage">
<status status="PASS" starttime="20220323 10:38:44.266" endtime="20220323 10:38:44.390"/>
</kw>
<status status="PASS" starttime="20220323 10:38:40.403" endtime="20220323 10:38:44.390"/>
</iter>
<status status="PASS" starttime="20220323 10:38:02.292" endtime="20220323 10:38:44.390"/>
</for>
<kw name="Sleep" library="BuiltIn">
<arg>5s</arg>
<doc>Pauses the test executed for the given time.</doc>
<msg timestamp="20220323 10:38:49.392" level="INFO">Slept 5 seconds</msg>
<status status="PASS" starttime="20220323 10:38:44.390" endtime="20220323 10:38:49.392"/>
</kw>
<kw name="Close Browser" library="SeleniumLibrary" type="TEARDOWN">
<doc>Closes the current browser.</doc>
<status status="PASS" starttime="20220323 10:38:49.392" endtime="20220323 10:38:49.393"/>
</kw>
<doc>Search in google for X names</doc>
<tag>search google functionality regression</tag>
<status status="PASS" starttime="20220323 10:38:00.606" endtime="20220323 10:38:49.393"/>
</test>
<status status="PASS" starttime="20220323 10:37:57.387" endtime="20220323 10:38:51.435"/>
</suite>
<statistics>
<total>
<stat pass="1" fail="0" skip="0">All Tests</stat>
</total>
<tag>
<stat pass="1" fail="0" skip="0">search google functionality regression</stat>
</tag>
<suite>
<stat pass="1" fail="0" skip="0" id="s1" name="GoogleSearchSuite">GoogleSearchSuite</stat>
</suite>
</statistics>
<errors>
</errors>
</robot>
